  main.cpp
C:\Users\usuario\Desktop\Programacion\Proyectos de cursos\JuegoMolino_Grupo10\JuegoMolino_Grupo10\main.cpp(667,7): warning C4996: 'kbhit': The POSIX name for this item is deprecated. Instead, use the ISO C and C++ conformant name: _kbhit. See online help for details.
C:\Users\usuario\Desktop\Programacion\Proyectos de cursos\JuegoMolino_Grupo10\JuegoMolino_Grupo10\main.cpp(668,12): warning C4996: 'getch': The POSIX name for this item is deprecated. Instead, use the ISO C and C++ conformant name: _getch. See online help for details.
C:\Users\usuario\Desktop\Programacion\Proyectos de cursos\JuegoMolino_Grupo10\JuegoMolino_Grupo10\main.cpp(707,12): warning C4244: 'argumento': conversión de 'time_t' a 'unsigned int'; posible pérdida de datos
C:\Users\usuario\Desktop\Programacion\Proyectos de cursos\JuegoMolino_Grupo10\JuegoMolino_Grupo10\main.cpp(952,7): warning C4996: 'kbhit': The POSIX name for this item is deprecated. Instead, use the ISO C and C++ conformant name: _kbhit. See online help for details.
C:\Users\usuario\Desktop\Programacion\Proyectos de cursos\JuegoMolino_Grupo10\JuegoMolino_Grupo10\main.cpp(1079,7): warning C4996: 'kbhit': The POSIX name for this item is deprecated. Instead, use the ISO C and C++ conformant name: _kbhit. See online help for details.
C:\Users\usuario\Desktop\Programacion\Proyectos de cursos\JuegoMolino_Grupo10\JuegoMolino_Grupo10\main.cpp(1081,12): warning C4996: 'getch': The POSIX name for this item is deprecated. Instead, use the ISO C and C++ conformant name: _getch. See online help for details.
C:\Users\usuario\Desktop\Programacion\Proyectos de cursos\JuegoMolino_Grupo10\JuegoMolino_Grupo10\main.cpp(1198,7): warning C4996: 'kbhit': The POSIX name for this item is deprecated. Instead, use the ISO C and C++ conformant name: _kbhit. See online help for details.
C:\Users\usuario\Desktop\Programacion\Proyectos de cursos\JuegoMolino_Grupo10\JuegoMolino_Grupo10\main.cpp(1200,12): warning C4996: 'getch': The POSIX name for this item is deprecated. Instead, use the ISO C and C++ conformant name: _getch. See online help for details.
C:\Users\usuario\Desktop\Programacion\Proyectos de cursos\JuegoMolino_Grupo10\JuegoMolino_Grupo10\main.cpp(1367,7): warning C4996: 'kbhit': The POSIX name for this item is deprecated. Instead, use the ISO C and C++ conformant name: _kbhit. See online help for details.
C:\Users\usuario\Desktop\Programacion\Proyectos de cursos\JuegoMolino_Grupo10\JuegoMolino_Grupo10\main.cpp(1369,12): warning C4996: 'getch': The POSIX name for this item is deprecated. Instead, use the ISO C and C++ conformant name: _getch. See online help for details.
C:\Users\usuario\Desktop\Programacion\Proyectos de cursos\JuegoMolino_Grupo10\JuegoMolino_Grupo10\main.cpp(1493,7): warning C4996: 'kbhit': The POSIX name for this item is deprecated. Instead, use the ISO C and C++ conformant name: _kbhit. See online help for details.
C:\Users\usuario\Desktop\Programacion\Proyectos de cursos\JuegoMolino_Grupo10\JuegoMolino_Grupo10\main.cpp(1495,12): warning C4996: 'getch': The POSIX name for this item is deprecated. Instead, use the ISO C and C++ conformant name: _getch. See online help for details.
C:\Users\usuario\Desktop\Programacion\Proyectos de cursos\JuegoMolino_Grupo10\JuegoMolino_Grupo10\main.cpp(1553,7): warning C4996: 'kbhit': The POSIX name for this item is deprecated. Instead, use the ISO C and C++ conformant name: _kbhit. See online help for details.
C:\Users\usuario\Desktop\Programacion\Proyectos de cursos\JuegoMolino_Grupo10\JuegoMolino_Grupo10\main.cpp(1555,12): warning C4996: 'getch': The POSIX name for this item is deprecated. Instead, use the ISO C and C++ conformant name: _getch. See online help for details.
C:\Users\usuario\Desktop\Programacion\Proyectos de cursos\JuegoMolino_Grupo10\JuegoMolino_Grupo10\main.cpp(1663,7): warning C4996: 'kbhit': The POSIX name for this item is deprecated. Instead, use the ISO C and C++ conformant name: _kbhit. See online help for details.
C:\Users\usuario\Desktop\Programacion\Proyectos de cursos\JuegoMolino_Grupo10\JuegoMolino_Grupo10\main.cpp(1819,7): warning C4996: 'kbhit': The POSIX name for this item is deprecated. Instead, use the ISO C and C++ conformant name: _kbhit. See online help for details.
C:\Users\usuario\Desktop\Programacion\Proyectos de cursos\JuegoMolino_Grupo10\JuegoMolino_Grupo10\main.cpp(1822,12): warning C4996: 'getch': The POSIX name for this item is deprecated. Instead, use the ISO C and C++ conformant name: _getch. See online help for details.
  main.obj : se encontró un módulo MSIL; vinculación incremental deshabilitada para MSIL; ejecutando vínculo completo
  JuegoMolino_Grupo10.vcxproj -> C:\Users\usuario\Desktop\Programacion\Proyectos de cursos\JuegoMolino_Grupo10\x64\Debug\JuegoMolino_Grupo10.exe
